<?xml version="1.0" encoding="UTF-8"?>
<testng-results ignored="0" total="1" passed="1" failed="0" skipped="0">
  <reporter-output>
  </reporter-output>
  <suite started-at="2024-12-19T22:01:49 IST" name="Suite" finished-at="2024-12-19T22:02:10 IST" duration-ms="20829">
    <groups>
    </groups>
    <test started-at="2024-12-19T22:01:49 IST" name="Test" finished-at="2024-12-19T22:02:10 IST" duration-ms="20829">
      <class name="Module1_Login_test.SwagLabLoginTest">
        <test-method is-config="true" signature="openBrowser()[pri:0, instance:Module1_Login_test.SwagLabLoginTest@6572421]" started-at="2024-12-19T22:01:49 IST" name="openBrowser" finished-at="2024-12-19T22:01:58 IST" duration-ms="9149" status="PASS">
          <reporter-output>
          </reporter-output>
        </test-method> <!-- openBrowser -->
        <test-method is-config="true" signature="loginToAPP()[pri:0, instance:Module1_Login_test.SwagLabLoginTest@6572421]" started-at="2024-12-19T22:01:58 IST" name="loginToAPP" finished-at="2024-12-19T22:02:02 IST" duration-ms="3531" status="PASS">
          <reporter-output>
          </reporter-output>
        </test-method> <!-- loginToAPP -->
        <test-method signature="verifyLogo()[pri:0, instance:Module1_Login_test.SwagLabLoginTest@6572421]" started-at="2024-12-19T22:02:02 IST" name="verifyLogo" finished-at="2024-12-19T22:02:05 IST" duration-ms="3593" status="PASS">
          <reporter-output>
          </reporter-output>
        </test-method> <!-- verifyLogo -->
        <test-method is-config="true" signature="logOutFromApp(org.testng.ITestResult)[pri:0, instance:Module1_Login_test.SwagLabLoginTest@6572421]" started-at="2024-12-19T22:02:05 IST" name="logOutFromApp" finished-at="2024-12-19T22:02:10 IST" duration-ms="4302" status="PASS">
          <params>
            <param index="0">
              <value>
                <![CDATA[[TestResult name=verifyLogo status=SUCCESS method=SwagLabLoginTest.verifyLogo()[pri:0, instance:Module1_Login_test.SwagLabLoginTest@6572421] output={null}]]]>
              </value>
            </param>
          </params>
          <reporter-output>
          </reporter-output>
        </test-method> <!-- logOutFromApp -->
        <test-method is-config="true" signature="closeBrowser()[pri:0, instance:Module1_Login_test.SwagLabLoginTest@6572421]" started-at="2024-12-19T22:02:10 IST" name="closeBrowser" finished-at="2024-12-19T22:02:10 IST" duration-ms="141" status="PASS">
          <reporter-output>
          </reporter-output>
        </test-method> <!-- closeBrowser -->
      </class> <!-- Module1_Login_test.SwagLabLoginTest -->
    </test> <!-- Test -->
  </suite> <!-- Suite -->
</testng-results>
