<?xml version="1.0" encoding="UTF-8"?>
<testng-results ignored="0" total="1" passed="1" failed="0" skipped="0">
  <reporter-output>
  </reporter-output>
  <suite started-at="2024-12-20T23:20:54 IST" name="Default suite" finished-at="2024-12-20T23:21:15 IST" duration-ms="21155">
    <groups>
    </groups>
    <test started-at="2024-12-20T23:20:54 IST" name="Default test" finished-at="2024-12-20T23:21:15 IST" duration-ms="21155">
      <class name="Module1_Login_test.SwagLabLoginTest">
        <test-method is-config="true" signature="openBrowser()[pri:0, instance:Module1_Login_test.SwagLabLoginTest@1cf6d1be]" started-at="2024-12-20T23:20:54 IST" name="openBrowser" finished-at="2024-12-20T23:20:59 IST" duration-ms="5379" status="PASS">
          <reporter-output>
          </reporter-output>
        </test-method> <!-- openBrowser -->
        <test-method is-config="true" signature="loginToAPP()[pri:0, instance:Module1_Login_test.SwagLabLoginTest@1cf6d1be]" started-at="2024-12-20T23:20:59 IST" name="loginToAPP" finished-at="2024-12-20T23:21:03 IST" duration-ms="3658" status="PASS">
          <reporter-output>
          </reporter-output>
        </test-method> <!-- loginToAPP -->
        <test-method signature="verifyLogo()[pri:0, instance:Module1_Login_test.SwagLabLoginTest@1cf6d1be]" started-at="2024-12-20T23:21:03 IST" name="verifyLogo" finished-at="2024-12-20T23:21:10 IST" duration-ms="7588" status="PASS">
          <reporter-output>
          </reporter-output>
        </test-method> <!-- verifyLogo -->
        <test-method is-config="true" signature="logOutFromApp(org.testng.ITestResult)[pri:0, instance:Module1_Login_test.SwagLabLoginTest@1cf6d1be]" started-at="2024-12-20T23:21:10 IST" name="logOutFromApp" finished-at="2024-12-20T23:21:15 IST" duration-ms="4289" status="PASS">
          <params>
            <param index="0">
              <value>
                <![CDATA[[TestResult name=verifyLogo status=SUCCESS method=SwagLabLoginTest.verifyLogo()[pri:0, instance:Module1_Login_test.SwagLabLoginTest@1cf6d1be] output={null}]]]>
              </value>
            </param>
          </params>
          <reporter-output>
          </reporter-output>
        </test-method> <!-- logOutFromApp -->
        <test-method is-config="true" signature="closeBrowser()[pri:0, instance:Module1_Login_test.SwagLabLoginTest@1cf6d1be]" started-at="2024-12-20T23:21:15 IST" name="closeBrowser" finished-at="2024-12-20T23:21:15 IST" duration-ms="155" status="PASS">
          <reporter-output>
          </reporter-output>
        </test-method> <!-- closeBrowser -->
      </class> <!-- Module1_Login_test.SwagLabLoginTest -->
    </test> <!-- Default test -->
  </suite> <!-- Default suite -->
</testng-results>
