<?xml version="1.0" encoding="UTF-8"?>
<testng-results ignored="0" total="1" passed="1" failed="0" skipped="0">
  <reporter-output>
  </reporter-output>
  <suite started-at="2024-12-17T19:11:53 IST" name="Suite" finished-at="2024-12-17T19:12:31 IST" duration-ms="38502">
    <groups>
    </groups>
    <test started-at="2024-12-17T19:11:53 IST" name="Test" finished-at="2024-12-17T19:12:31 IST" duration-ms="38502">
      <class name="Module1_Login_test.SwagLabLoginTest">
        <test-method is-config="true" signature="openBrowser()[pri:0, instance:Module1_Login_test.SwagLabLoginTest@1cf6d1be]" started-at="2024-12-17T19:11:53 IST" name="openBrowser" finished-at="2024-12-17T19:12:05 IST" duration-ms="12195" status="PASS">
          <reporter-output>
          </reporter-output>
        </test-method> <!-- openBrowser -->
        <test-method is-config="true" signature="loginToAPP()[pri:0, instance:Module1_Login_test.SwagLabLoginTest@1cf6d1be]" started-at="2024-12-17T19:12:05 IST" name="loginToAPP" finished-at="2024-12-17T19:12:08 IST" duration-ms="2676" status="PASS">
          <reporter-output>
          </reporter-output>
        </test-method> <!-- loginToAPP -->
        <test-method signature="verifyLogo()[pri:0, instance:Module1_Login_test.SwagLabLoginTest@1cf6d1be]" started-at="2024-12-17T19:12:08 IST" name="verifyLogo" finished-at="2024-12-17T19:12:26 IST" duration-ms="18397" status="PASS">
          <reporter-output>
          </reporter-output>
        </test-method> <!-- verifyLogo -->
        <test-method is-config="true" signature="logOutFromApp(org.testng.ITestResult)[pri:0, instance:Module1_Login_test.SwagLabLoginTest@1cf6d1be]" started-at="2024-12-17T19:12:26 IST" name="logOutFromApp" finished-at="2024-12-17T19:12:31 IST" duration-ms="4388" status="PASS">
          <params>
            <param index="0">
              <value>
                <![CDATA[[TestResult name=verifyLogo status=SUCCESS method=SwagLabLoginTest.verifyLogo()[pri:0, instance:Module1_Login_test.SwagLabLoginTest@1cf6d1be] output={null}]]]>
              </value>
            </param>
          </params>
          <reporter-output>
          </reporter-output>
        </test-method> <!-- logOutFromApp -->
        <test-method is-config="true" signature="closeBrowser()[pri:0, instance:Module1_Login_test.SwagLabLoginTest@1cf6d1be]" started-at="2024-12-17T19:12:31 IST" name="closeBrowser" finished-at="2024-12-17T19:12:31 IST" duration-ms="726" status="PASS">
          <reporter-output>
          </reporter-output>
        </test-method> <!-- closeBrowser -->
      </class> <!-- Module1_Login_test.SwagLabLoginTest -->
    </test> <!-- Test -->
  </suite> <!-- Suite -->
</testng-results>
